{"/Users/mzd/Desktop/Jobs/Myob/solution/paySlip/src/paySlipCalculator.js": {"path":"/Users/mzd/Desktop/Jobs/Myob/solution/paySlip/src/paySlipCalculator.js","statementMap":{"0":{"start":{"line":1,"column":17},"end":{"line":1,"column":38}},"1":{"start":{"line":10,"column":23},"end":{"line":10,"column":50}},"2":{"start":{"line":11,"column":20},"end":{"line":11,"column":52}},"3":{"start":{"line":14,"column":2},"end":{"line":15,"column":66}},"4":{"start":{"line":15,"column":4},"end":{"line":15,"column":66}},"5":{"start":{"line":17,"column":15},"end":{"line":17,"column":65}},"6":{"start":{"line":18,"column":20},"end":{"line":18,"column":48}},"7":{"start":{"line":19,"column":22},"end":{"line":19,"column":56}},"8":{"start":{"line":20,"column":20},"end":{"line":20,"column":52}},"9":{"start":{"line":21,"column":20},"end":{"line":21,"column":62}},"10":{"start":{"line":22,"column":25},"end":{"line":22,"column":72}},"11":{"start":{"line":24,"column":2},"end":{"line":31,"column":4}},"12":{"start":{"line":41,"column":2},"end":{"line":41,"column":39}},"13":{"start":{"line":53,"column":2},"end":{"line":62,"column":5}},"14":{"start":{"line":54,"column":4},"end":{"line":61,"column":5}},"15":{"start":{"line":59,"column":8},"end":{"line":59,"column":78}},"16":{"start":{"line":60,"column":6},"end":{"line":60,"column":55}},"17":{"start":{"line":63,"column":2},"end":{"line":63,"column":31}},"18":{"start":{"line":74,"column":2},"end":{"line":74,"column":33}},"19":{"start":{"line":85,"column":2},"end":{"line":85,"column":45}},"20":{"start":{"line":88,"column":0},"end":{"line":94,"column":2}}},"fnMap":{"0":{"name":"calculatePaySlip","decl":{"start":{"line":9,"column":9},"end":{"line":9,"column":25}},"loc":{"start":{"line":9,"column":32},"end":{"line":32,"column":1}},"line":9},"1":{"name":"calculateGrossIncome","decl":{"start":{"line":40,"column":9},"end":{"line":40,"column":29}},"loc":{"start":{"line":40,"column":44},"end":{"line":42,"column":1}},"line":40},"2":{"name":"calculateIncomeTax","decl":{"start":{"line":51,"column":9},"end":{"line":51,"column":27}},"loc":{"start":{"line":51,"column":42},"end":{"line":64,"column":1}},"line":51},"3":{"name":"(anonymous_3)","decl":{"start":{"line":53,"column":19},"end":{"line":53,"column":20}},"loc":{"start":{"line":53,"column":34},"end":{"line":62,"column":3}},"line":53},"4":{"name":"calculateNetIncome","decl":{"start":{"line":73,"column":9},"end":{"line":73,"column":27}},"loc":{"start":{"line":73,"column":52},"end":{"line":75,"column":1}},"line":73},"5":{"name":"calculateSuperannuation","decl":{"start":{"line":84,"column":9},"end":{"line":84,"column":32}},"loc":{"start":{"line":84,"column":57},"end":{"line":86,"column":1}},"line":84}},"branchMap":{"0":{"loc":{"start":{"line":14,"column":2},"end":{"line":15,"column":66}},"type":"if","locations":[{"start":{"line":14,"column":2},"end":{"line":15,"column":66}},{"start":{"line":14,"column":2},"end":{"line":15,"column":66}}],"line":14},"1":{"loc":{"start":{"line":14,"column":6},"end":{"line":14,"column":38}},"type":"binary-expr","locations":[{"start":{"line":14,"column":6},"end":{"line":14,"column":19}},{"start":{"line":14,"column":23},"end":{"line":14,"column":38}}],"line":14},"2":{"loc":{"start":{"line":54,"column":4},"end":{"line":61,"column":5}},"type":"if","locations":[{"start":{"line":54,"column":4},"end":{"line":61,"column":5}},{"start":{"line":54,"column":4},"end":{"line":61,"column":5}}],"line":54},"3":{"loc":{"start":{"line":55,"column":6},"end":{"line":56,"column":49}},"type":"binary-expr","locations":[{"start":{"line":55,"column":6},"end":{"line":55,"column":49}},{"start":{"line":56,"column":6},"end":{"line":56,"column":49}}],"line":55}},"s":{"0":1,"1":3,"2":3,"3":3,"4":2,"5":1,"6":1,"7":1,"8":1,"9":1,"10":1,"11":1,"12":2,"13":6,"14":30,"15":6,"16":6,"17":6,"18":2,"19":2,"20":1},"f":{"0":3,"1":2,"2":6,"3":30,"4":2,"5":2},"b":{"0":[2,1],"1":[3,2],"2":[6,24],"3":[30,18]},"_coverageSchema":"332fd63041d2c1bcb487cc26dd0d5f7d97098a6c","hash":"1c2b0df161c7ffc46bd4b4b5f15d333b65b9d50d"}
,"/Users/mzd/Desktop/Jobs/Myob/solution/paySlip/src/taxTable.js": {"path":"/Users/mzd/Desktop/Jobs/Myob/solution/paySlip/src/taxTable.js","statementMap":{"0":{"start":{"line":1,"column":17},"end":{"line":32,"column":1}},"1":{"start":{"line":34,"column":0},"end":{"line":34,"column":26}}},"fnMap":{},"branchMap":{},"s":{"0":1,"1":1},"f":{},"b":{},"_coverageSchema":"332fd63041d2c1bcb487cc26dd0d5f7d97098a6c","hash":"2dd268a689da45aec4f5a1421075c2e15500dc60"}
}
