TN:
SF:/Users/mzd/Desktop/Jobs/Myob/solution/paySlip/src/paySlipCalculator.js
FN:9,calculatePaySlip
FN:40,calculateGrossIncome
FN:51,calculateIncomeTax
FN:53,(anonymous_3)
FN:73,calculateNetIncome
FN:84,calculateSuperannuation
FNF:6
FNH:6
FNDA:3,calculatePaySlip
FNDA:2,calculateGrossIncome
FNDA:6,calculateIncomeTax
FNDA:30,(anonymous_3)
FNDA:2,calculateNetIncome
FNDA:2,calculateSuperannuation
DA:1,1
DA:10,3
DA:11,3
DA:14,3
DA:15,2
DA:17,1
DA:18,1
DA:19,1
DA:20,1
DA:21,1
DA:22,1
DA:24,1
DA:41,2
DA:53,6
DA:54,30
DA:59,6
DA:60,6
DA:63,6
DA:74,2
DA:85,2
DA:88,1
LF:21
LH:21
BRDA:14,0,0,2
BRDA:14,0,1,1
BRDA:14,1,0,3
BRDA:14,1,1,2
BRDA:54,2,0,6
BRDA:54,2,1,24
BRDA:55,3,0,30
BRDA:55,3,1,18
BRF:8
BRH:8
end_of_record
TN:
SF:/Users/mzd/Desktop/Jobs/Myob/solution/paySlip/src/taxTable.js
FNF:0
FNH:0
DA:1,1
DA:34,1
LF:2
LH:2
BRF:0
BRH:0
end_of_record
